0102,0304,0506,0708,50659332,96,661058,193817,850382046,0,1,0,5521.52,0.00,12.63,17277756.00,4.87,5858.00
0102,0304,0506,0708,50659332,96,661058,193818,970382472,0,1,0,4236.09,0.00,12.63,16049656.00,4.10,5859.00
0102,0304,0506,0708,50659332,96,661058,193819,1090381554,0,1,0,4306.98,0.00,12.63,14939696.00,4.04,5860.00
0102,0304,0506,0708,50659332,96,661058,193820,1210381632,0,1,0,4394.57,0.00,26.09,12445418.00,3.73,5861.00
0102,0304,0506,0708,50659332,96,661058,193821,1330381338,0,1,0,4808.19,0.00,12.63,8074109.50,3.45,5862.00
0102,0304,0506,0708,50659332,96,661058,193822,1450381098,0,1,0,4066.18,0.00,12.50,4949885.50,3.12,5863.00
0102,0304,0506,0708,50659332,96,661058,193823,1570380396,0,1,0,4185.87,0.00,12.37,3962032.75,2.80,5864.00
0102,0304,0506,0708,50659332,96,661058,193824,1690378712,0,1,0,4310.93,0.00,12.37,3862976.50,2.47,5865.00
0102,0304,0506,0708,50659332,96,661058,193825,1810377306,0,1,0,4379.43,0.00,12.50,3620535.75,2.09,5866.00
0102,0304,0506,0708,50659332,96,661058,193826,1930375998,0,1,0,4116.14,0.00,12.50,2749338.75,1.83,5867.00
0102,0304,0506,0708,50659332,96,661058,193827,2050375344,0,1,0,4224.45,0.00,12.63,1827645.62,1.51,5868.00
0102,0304,0506,0708,50659332,96,661058,193828,2170374870,0,1,0,4902.13,0.00,12.24,1069715.88,1.68,5869.00
0102,0304,0506,0708,50659332,96,661058,193829,2290376658,0,1,0,6065.93,0.00,11.88,510757.53,2.02,5870.00
0102,0304,0506,0708,50659332,96,661058,193830,2410378974,0,1,0,4226.36,0.00,11.88,201753.78,2.45,5871.00
0102,0304,0506,0708,50659332,96,661058,193831,2530382100,0,1,0,7868.12,0.00,12.00,63336.46,2.49,5872.00
0102,0304,0506,0708,50659332,96,661058,193832,2650383204,0,1,0,4405.58,0.00,0.00,17899.88,2.75,5873.00
0102,0304,0506,0708,50659332,96,661058,193833,2770383504,0,1,0,4761.76,0.00,0.00,12638.07,3.15,5874.00
0102,0304,0506,0708,50659332,96,661058,193834,2890388318,0,1,0,3981.24,0.00,0.00,62402.27,2.99,5875.00
0102,0304,0506,0708,50659332,96,661058,193835,3010390248,0,1,0,4353.27,0.00,0.00,69453.54,2.58,5876.00
0102,0304,0506,0708,50659332,96,661058,193836,3130392408,0,1,0,8548.98,0.00,0.00,58806.46,2.90,5877.00
0102,0304,0506,0708,50659332,96,661058,193837,3250393908,0,1,0,5953.61,0.00,0.00,138193.72,2.57,5878.00
0102,0304,0506,0708,50659332,96,661058,193838,3370394214,0,1,0,4193.71,0.00,0.00,234359.14,2.81,5879.00
0102,0304,0506,0708,50659332,96,661058,193839,3490394510,0,1,0,4113.60,0.00,0.00,163781.95,2.35,5880.00
0102,0304,0506,0708,50659332,96,661058,193840,3610394574,0,1,0,4060.07,0.00,0.00,58595.02,2.09,5881.00
0102,0304,0506,0708,50659332,96,661058,193841,3730391492,0,1,0,4241.04,0.00,0.00,17958.79,2.29,5882.00
0102,0304,0506,0708,50659332,96,661058,193842,3850392192,0,1,0,4132.43,0.00,0.00,6318.96,2.53,5883.00
0102,0304,0506,0708,50659332,96,661058,193843,3970393074,0,1,0,4105.57,0.00,0.00,7006.31,2.41,5884.00
0102,0304,0506,0708,50659332,96,661058,193844,4090390488,0,1,0,4204.22,0.00,0.00,3287.10,2.53,5885.00
0102,0304,0506,0708,50659332,96,661058,193845,4210389966,0,1,0,4699.98,0.00,0.00,16768.36,2.85,5886.00
0102,0304,0506,0708,50659332,96,661058,193846,35424482,0,1,0,4472.54,0.00,0.00,110753.92,2.83,5887.00
0102,0304,0506,0708,50659332,96,661058,193847,155423666,0,1,0,4001.11,0.00,0.00,150334.23,2.51,5888.00
0102,0304,0506,0708,50659332,96,661058,193848,275422004,0,1,0,3898.42,0.00,0.00,73164.56,2.07,5889.00
0102,0304,0506,0708,50659332,96,661058,193849,395424026,0,1,0,7538.85,0.00,0.00,28975.44,2.86,5890.00
0102,0304,0506,0708,50659332,96,661058,193850,515425366,1,1,0,5056.18,50.00,0.00,12313.08,5.48,5891.00
0102,0304,0506,0708,50659332,96,661058,193851,635425448,1,1,0,6338.32,50.00,0.00,658207.06,15.55,5892.00
0102,0304,0506,0708,50659332,96,661058,193852,755429084,1,1,0,6940.77,50.00,0.00,5203011.00,37.10,5893.00
0102,0304,0506,0708,50659332,96,661058,193853,875426804,1,1,0,7429.87,50.00,0.00,38887044.00,31.30,5894.00
0102,0304,0506,0708,50659332,96,661058,193854,995430820,1,1,0,5744.51,50.00,0.00,78627008.00,32.01,5895.00
0102,0304,0506,0708,50659332,96,661058,193855,1115428922,1,1,0,6610.20,50.00,0.00,67901024.00,169.73,5896.00
0102,0304,0506,0708,50659332,96,661058,193856,1235427386,1,1,0,4217.16,50.00,0.00,31061860.00,443.46,5897.00
0102,0304,0506,0708,50659332,96,661058,193857,1355426804,1,1,0,4734.84,50.00,0.00,17661750.00,774.46,5898.00
0102,0304,0506,0708,50659332,96,661058,193858,1475425034,1,1,0,5897.38,50.00,0.00,23792560.00,855.11,5899.00
0102,0304,0506,0708,50659332,96,661058,193859,1595423078,1,1,0,5486.11,50.00,0.00,30152240.00,730.69,5900.00
0102,0304,0506,0708,50659332,96,661058,193860,1715423596,1,1,0,5505.64,50.00,0.00,26727608.00,616.96,5901.00
0102,0304,0506,0708,50659332,96,661058,193861,1835422772,1,1,0,5618.90,50.00,0.00,11272856.00,589.01,5902.00
0102,0304,0506,0708,50659332,96,661058,193862,1955421980,1,1,0,5775.95,50.00,0.00,4794626.00,571.47,5903.00
0102,0304,0506,0708,50659332,96,661058,193863,2075421068,1,1,0,4942.12,50.00,0.00,11517223.00,514.10,5904.00
0102,0304,0506,0708,50659332,96,661058,193864,2195427896,1,1,0,6064.56,50.39,0.00,17796524.00,456.45,5905.00
0102,0304,0506,0708,50659332,96,661058,193865,2315427914,1,1,0,5428.25,50.39,0.00,11956182.00,640.66,5906.00
0102,0304,0506,0708,50659332,96,661058,193866,2435428016,1,1,0,4084.41,50.39,0.00,68755112.00,957.82,5907.00
0102,0304,0506,0708,50659332,96,661058,193867,2555425880,1,1,0,5896.96,50.39,0.00,192032784.00,823.39,5908.00
0102,0304,0506,0708,50659332,96,661058,193868,2675422922,1,1,0,6332.99,50.39,0.00,153377920.00,1101.19,5909.00
0102,0304,0506,0708,50659332,96,661058,193869,2795422340,1,1,0,5874.13,50.39,0.00,55511388.00,1174.76,5910.00
0102,0304,0506,0708,50659332,96,661058,193870,2915423048,1,1,0,4355.73,50.39,0.00,25076600.00,1325.02,5911.00
0102,0304,0506,0708,50659332,96,661058,193871,3035420950,1,1,0,5031.98,50.39,0.00,5231429.00,1239.84,5912.00
0102,0304,0506,0708,50659332,96,661058,193872,3155422166,1,1,0,4584.69,50.39,0.00,4045215.50,1363.06,5913.00
0102,0304,0506,0708,50659332,96,661058,193873,3275423078,1,1,0,4591.93,50.39,0.00,4305182.00,1296.25,5914.00
0102,0304,0506,0708,50659332,96,661058,193874,3395422670,1,1,0,4302.16,50.39,0.00,1708556.88,1249.81,5915.00
0102,0304,0506,0708,50659332,96,661058,193875,3515422208,1,1,0,3957.35,50.39,0.00,1013966.62,1099.84,5916.00
0102,0304,0506,0708,50659332,96,661058,193876,3635422154,1,1,0,4133.72,50.39,0.00,2810838.50,931.75,5917.00
0102,0304,0506,0708,50659332,96,661058,193877,3755425730,1,1,0,4385.72,50.39,0.00,10797509.00,851.16,5918.00
0102,0304,0506,0708,50659332,96,661058,193878,3875424494,1,1,0,5402.81,50.39,0.00,44314732.00,860.81,5919.00
0102,0304,0506,0708,50659332,96,661058,193879,3995425906,1,1,0,5435.05,50.00,0.00,63453752.00,813.22,5920.00
0102,0304,0506,0708,50659332,96,661058,193880,4115427166,1,1,0,4335.41,50.00,0.00,44959940.00,716.03,5921.00
0102,0304,0506,0708,50659332,96,661058,193881,4235422618,1,1,0,4173.74,50.00,0.00,24401398.00,590.85,5922.00
0102,0304,0506,0708,50659332,96,661058,193882,60459474,1,1,0,4172.89,50.00,0.00,25626880.00,504.38,5923.00
0102,0304,0506,0708,50659332,96,661058,193883,180456672,1,1,0,4110.05,50.00,0.00,101385184.00,791.62,5924.00
0102,0304,0506,0708,50659332,96,661058,193884,300459660,1,1,0,4633.09,66.80,0.00,167521408.00,945.41,5925.00
0102,0304,0506,0708,50659332,96,661058,193885,420461116,1,1,0,5096.93,66.80,0.00,127419312.00,910.44,5926.00
0102,0304,0506,0708,50659332,96,661058,193886,540462220,1,1,0,4424.44,66.80,0.00,50131200.00,758.86,5927.00
0102,0304,0506,0708,50659332,96,661058,193887,660463780,1,1,0,4252.28,66.80,0.00,27267270.00,654.59,5928.00
0102,0304,0506,0708,50659332,96,661058,193888,780463660,1,1,0,4169.02,66.80,0.00,59515836.00,561.22,5929.00
0102,0304,0506,0708,50659332,96,661058,193889,900460348,1,1,0,4235.83,64.45,0.00,101263496.00,457.71,5930.00
0102,0304,0506,0708,50659332,96,661058,193890,1020462490,1,1,0,4128.87,64.45,10.00,128488904.00,375.93,5931.00
0102,0304,0506,0708,50659332,96,661058,193891,1140462424,1,1,0,3969.67,64.45,9.92,127594504.00,318.76,5932.00
0102,0304,0506,0708,50659332,96,661058,193892,1260461794,1,1,0,4139.04,64.45,9.92,106425168.00,260.29,5933.00
0102,0304,0506,0708,50659332,96,661058,193893,1380462718,1,1,0,4312.29,64.45,9.84,77296872.00,212.97,5934.00
0102,0304,0506,0708,50659332,96,661058,193894,1500461452,1,1,0,4669.42,65.62,0.00,49270144.00,177.13,5935.00
0102,0304,0506,0708,50659332,96,661058,193895,1620462108,1,1,0,4658.06,65.62,0.00,27096672.00,144.69,5936.00
0102,0304,0506,0708,50659332,96,661058,193896,1740462544,1,1,0,4715.99,65.62,10.00,12990185.00,119.22,5937.00
0102,0304,0506,0708,50659332,96,661058,193897,1860463452,1,1,0,4792.42,65.62,10.00,6294031.00,99.50,5938.00
0102,0304,0506,0708,50659332,96,661058,193898,1980463618,1,1,0,4304.96,65.62,9.92,2799802.25,81.83,5939.00
0102,0304,0506,0708,50659332,96,661058,193899,2100462216,1,1,0,4080.96,63.28,9.92,966669.56,68.28,5940.00
0102,0304,0506,0708,50659332,96,661058,193900,2220462532,1,1,0,4063.29,63.28,9.92,308040.69,55.70,5941.00
0102,0304,0506,0708,50659332,96,661058,193901,2340461680,1,1,0,3874.22,63.28,9.92,99848.44,45.74,5942.00
0102,0304,0506,0708,50659332,96,661058,193902,2460463438,1,1,0,3831.52,63.28,10.00,44075.85,37.79,5943.00
0102,0304,0506,0708,50659332,96,661058,193903,2580464038,1,1,0,3792.88,63.28,10.00,109613.34,31.73,5944.00
0102,0304,0506,0708,50659332,96,661058,193904,2700463630,1,1,0,4168.53,63.28,10.00,322628.50,26.67,5945.00
0102,0304,0506,0708,50659332,96,661058,193905,2820464572,1,1,0,3988.11,63.28,10.00,305741.47,24.42,5946.00
0102,0304,0506,0708,50659332,96,661058,193906,2940464332,1,1,0,4158.67,63.28,10.00,613919.31,22.19,5947.00
0102,0304,0506,0708,50659332,96,661058,193907,3060464854,1,1,0,4446.54,63.28,10.00,1272926.62,19.49,5948.00
0102,0304,0506,0708,50659332,96,661058,193908,3180465430,1,1,0,4289.55,63.28,10.00,2168837.25,17.52,5949.00
0102,0304,0506,0708,50659332,96,661058,193909,3300464572,1,1,0,3944.27,63.28,10.00,2768214.00,14.69,5950.00
0102,0304,0506,0708,50659332,96,661058,193910,3420464824,1,1,0,5163.18,63.28,10.00,3562023.75,12.94,5951.00
0102,0304,0506,0708,50659332,96,661058,193911,3540465070,1,1,0,4189.69,63.28,10.00,4111591.00,10.62,5952.00
0102,0304,0506,0708,50659332,96,661058,193912,3660463792,1,1,0,4283.30,63.28,10.00,4210552.00,8.66,5953.00
0102,0304,0506,0708,50659332,96,661058,193913,3780462538,1,1,0,4240.34,63.28,10.00,3767080.75,7.17,5954.00
0102,0304,0506,0708,50659332,96,661058,193914,3900460036,1,1,0,4542.85,63.28,10.00,2717248.00,6.26,5955.00
0102,0304,0506,0708,50659332,96,661058,193915,4020455488,1,1,0,5660.17,63.28,10.00,2331028.50,5.46,5956.00
0102,0304,0506,0708,50659332,96,661058,193916,4140452506,1,1,0,4249.06,63.28,10.00,2328316.00,5.72,5957.00
0102,0304,0506,0708,50659332,96,661058,193917,4260453442,1,1,0,4406.04,63.28,10.08,1767082.88,8.60,5958.00
0102,0304,0506,0708,50659332,96,661058,193918,85482162,1,1,0,6288.69,63.28,0.00,1357200.50,8.31,5959.00
0102,0304,0506,0708,50659332,96,661058,193919,205483026,1,1,0,4799.25,63.28,0.00,845362.56,7.23,5960.00
0102,0304,0506,0708,50659332,96,661058,193920,325484292,1,1,0,5227.05,63.28,0.00,632398.75,6.11,5961.00
0102,0304,0506,0708,50659332,96,661058,193921,445483778,1,1,0,4522.69,63.28,0.00,463378.44,5.32,5962.00
0102,0304,0506,0708,50659332,96,661058,193922,565482408,1,1,0,6799.22,63.28,0.00,357632.69,5.02,5963.00
0102,0304,0506,0708,50659332,96,661058,193923,685480146,1,1,0,4652.23,63.28,0.00,258987.53,5.07,5964.00
0102,0304,0506,0708,50659332,96,661058,193924,805476260,1,1,0,4846.77,63.16,0.00,167040.70,5.93,5965.00
0102,0304,0506,0708,50659332,96,661058,193925,925475546,1,1,0,4751.15,63.16,0.00,81264.45,7.01,5966.00
0102,0304,0506,0708,50659332,96,661058,193926,1045473722,1,1,0,5210.80,63.16,0.00,38338.81,7.09,5967.00
0102,0304,0506,0708,50659332,96,661058,193927,1165474058,1,1,0,5268.07,63.16,0.00,17403.33,6.68,5968.00
0102,0304,0506,0708,50659332,96,661058,193928,1285473002,1,1,0,4378.34,63.16,0.00,15409.88,7.14,5969.00
0102,0304,0506,0708,50659332,96,661058,193929,1405471958,1,1,0,4486.78,63.16,0.00,7442.41,6.88,5970.00
0102,0304,0506,0708,50659332,96,661058,193930,1525471484,1,1,0,3965.88,63.16,0.00,4611.94,5.99,5971.00
0102,0304,0506,0708,50659332,96,661058,193931,1645467188,1,1,0,5850.92,63.16,0.00,25793.29,5.75,5972.00
0102,0304,0506,0708,50659332,96,661058,193932,1765468418,1,1,0,5284.06,63.16,0.00,44129.14,6.07,5973.00
0102,0304,0506,0708,50659332,96,661058,193933,1885468236,1,1,0,5676.45,63.16,0.00,56949.91,5.25,5974.00
0102,0304,0506,0708,50659332,96,661058,193934,2005470054,0,1,0,4641.31,0.00,0.00,58711.84,4.50,5975.00
0102,0304,0506,0708,50659332,96,661058,193935,2125473222,0,1,0,4330.88,0.00,0.00,34027.62,3.85,5976.00
0102,0304,0506,0708,50659332,96,661058,193936,2245475678,0,1,0,4458.12,0.00,0.00,22034.34,3.17,5977.00
0102,0304,0506,0708,50659332,96,661058,193937,2365474428,0,1,0,4580.58,0.00,0.00,9747.70,2.98,5978.00
0102,0304,0506,0708,50659332,96,661058,193938,2485473204,0,1,0,4057.05,0.00,0.00,5497.31,2.80,5979.00
0102,0304,0506,0708,50659332,96,661058,193939,2605473854,0,1,0,3732.57,0.00,0.00,2979.11,2.38,5980.00
0102,0304,0506,0708,50659332,96,661058,193940,2725472700,0,1,0,4408.73,0.00,0.00,2172.85,2.36,5981.00
0102,0304,0506,0708,50659332,96,661058,193941,2845471932,0,1,0,4006.13,0.00,0.00,27591.29,2.24,5982.00
0102,0304,0506,0708,50659332,96,661058,193942,2965471026,0,1,0,3755.86,0.00,0.00,56678.41,2.26,5983.00
0102,0304,0506,0708,50659332,96,661058,193943,3085474268,0,1,0,4729.94,0.00,0.00,31178.15,2.55,5984.00
0102,0304,0506,0708,50659332,96,661058,193944,3205476648,0,1,0,6421.57,0.00,0.00,18744.68,2.32,5985.00
0102,0304,0506,0708,50659332,96,661058,193945,3325479168,0,1,0,6145.27,0.00,0.00,25569.93,2.88,5986.00
0102,0304,0506,0708,50659332,96,661058,193946,3445484274,0,1,0,6320.88,0.00,0.00,22068.23,2.37,5987.00
0102,0304,0506,0708,50659332,96,661058,193947,3565488524,1,1,0,6167.36,63.16,0.00,178639.33,6.10,5988.00
0102,0304,0506,0708,50659332,96,661058,193948,3685490828,1,1,0,7107.41,63.16,0.00,1012109.69,28.15,5989.00
0102,0304,0506,0708,50659332,96,661058,193949,3805492494,1,1,0,5816.40,63.16,0.00,5641276.50,39.50,5990.00
0102,0304,0506,0708,50659332,96,661058,193950,3925494920,1,1,0,4638.24,63.16,0.00,20555332.00,41.82,5991.00
0102,0304,0506,0708,50659332,96,661058,193951,4045493996,1,1,0,5889.86,63.16,0.00,17312258.00,92.30,5992.00
0102,0304,0506,0708,50659332,96,661058,193952,4165494458,1,1,0,4221.14,63.16,0.00,15529574.00,373.11,5993.00
0102,0304,0506,0708,50659332,96,661058,193953,4285495652,1,1,0,4010.65,63.16,0.00,32907090.00,420.00,5994.00
0102,0304,0506,0708,50659332,96,661058,193954,110532922,1,1,0,3942.81,63.16,0.00,26942982.00,819.58,5995.00
0102,0304,0506,0708,50659332,96,661058,193955,230534554,1,1,0,4407.62,63.16,0.00,15631725.00,1048.61,5996.00
0102,0304,0506,0708,50659332,96,661058,193956,350535178,1,1,0,3844.46,63.16,0.00,10177920.00,1378.04,5997.00
0102,0304,0506,0708,50659332,96,661058,193957,470536294,1,1,0,3666.88,63.16,0.00,3604541.00,1346.86,5998.00
0102,0304,0506,0708,50659332,96,661058,193958,590539036,1,1,0,4297.16,63.16,0.00,4002262.50,1175.23,5999.00
0102,0304,0506,0708,50659332,96,661058,193959,710538718,1,1,0,6053.76,63.16,0.00,20148774.00,1024.20,6000.00
0102,0304,0506,0708,50659332,96,661058,193960,830538902,1,1,0,6422.45,63.16,0.00,36833480.00,949.67,6001.00
0102,0304,0506,0708,50659332,96,661058,193961,950531834,1,1,0,6500.11,63.16,0.00,38065048.00,832.50,6002.00
0102,0304,0506,0708,50659332,96,661058,193962,1070530948,1,1,0,5849.86,63.16,0.00,29468436.00,719.27,6003.00
0102,0304,0506,0708,50659332,96,661058,193963,1190529016,1,1,0,6132.75,63.16,0.00,15875893.00,597.64,6004.00
0102,0304,0506,0708,50659332,96,661058,193964,1310531512,1,1,0,5889.83,63.61,0.00,5784230.50,529.54,6005.00
0102,0304,0506,0708,50659332,96,661058,193965,1430530984,1,1,0,6154.76,64.21,0.00,2005934.88,475.93,6006.00
0102,0304,0506,0708,50659332,96,661058,193966,1550531620,1,1,0,6749.54,64.81,0.00,657715.44,395.23,6007.00
0102,0304,0506,0708,50659332,96,661058,193967,1670532194,1,1,0,4022.55,65.41,0.00,334940.12,407.11,6008.00
0102,0304,0506,0708,50659332,96,661058,193968,1790539198,1,1,0,6601.85,66.01,0.00,13146106.00,628.07,6009.00
0102,0304,0506,0708,50659332,96,661058,193969,1910531560,1,1,0,6096.33,66.62,0.00,40548504.00,777.37,6010.00
0102,0304,0506,0708,50659332,96,661058,193970,2030532916,1,1,0,5399.84,67.22,0.00,32578288.00,937.97,6011.00
0102,0304,0506,0708,50659332,96,661058,193971,2150532352,1,1,0,4509.33,67.82,0.00,12831512.00,865.98,6012.00
0102,0304,0506,0708,50659332,96,661058,193972,2270533276,1,1,0,4425.33,68.42,0.00,4739630.00,838.52,6013.00
0102,0304,0506,0708,50659332,96,661058,193973,2390530078,1,1,0,6249.79,69.02,0.00,28546250.00,1966.02,6014.00
0102,0304,0506,0708,50659332,96,661058,193974,2510531698,1,1,0,6808.17,69.62,0.00,116346152.00,3144.65,6015.00
0102,0304,0506,0708,50659332,96,661058,193975,2630533780,1,1,0,6022.57,70.23,0.00,104823512.00,2912.86,6016.00
0102,0304,0506,0708,50659332,96,661058,193976,2750531854,1,1,0,5136.33,70.83,0.00,40649804.00,2813.86,6017.00
0102,0304,0506,0708,50659332,96,661058,193977,2870532940,1,1,0,5553.17,71.43,0.00,124114008.00,2349.64,6018.00
0102,0304,0506,0708,50659332,96,661058,193978,2990536600,1,1,0,5564.55,72.03,12.37,359503776.00,2271.82,6019.00
0102,0304,0506,0708,50659332,96,661058,193979,3110533316,1,1,0,4277.73,72.63,12.24,584717952.00,1961.63,6020.00
0102,0304,0506,0708,50659332,96,661058,193980,3230532734,1,1,0,4902.00,73.23,12.24,754845632.00,1608.78,6021.00
0102,0304,0506,0708,50659332,96,661058,193981,3350544352,1,1,0,4968.45,73.83,12.24,702542976.00,1943.20,6022.00
0102,0304,0506,0708,50659332,96,661058,193982,3470544286,1,1,0,4591.25,74.44,12.12,437863200.00,1762.40,6023.00
0102,0304,0506,0708,50659332,96,661058,193983,3590542072,1,1,0,4606.47,75.04,12.00,203843680.00,1446.20,6024.00
0102,0304,0506,0708,50659332,96,661058,193984,3710538844,1,1,0,4938.66,75.64,12.00,74188168.00,1209.75,6025.00
0102,0304,0506,0708,50659332,96,661058,193985,3830538640,1,1,0,5473.51,76.24,12.00,27426604.00,992.80,6026.00
0102,0304,0506,0708,50659332,96,661058,193986,3950536802,1,1,0,5550.32,76.84,12.00,34290520.00,828.49,6027.00
0102,0304,0506,0708,50659332,96,661058,193987,4070535722,1,1,0,6835.37,77.44,12.12,103471624.00,692.87,6028.00
0102,0304,0506,0708,50659332,96,661058,193988,4190534434,1,1,0,6474.21,78.05,12.12,155627616.00,573.84,6029.00
0102,0304,0506,0708,50659332,96,661058,193989,15564222,1,1,0,6184.27,78.65,12.12,91181616.00,633.62,6030.00
0102,0304,0506,0708,50659332,96,661058,193990,135562092,1,1,0,4294.75,79.25,12.12,33713000.00,565.84,6031.00
0102,0304,0506,0708,50659332,96,661058,193991,255560724,1,1,0,4233.68,79.85,12.12,11850520.00,561.37,6032.00
0102,0304,0506,0708,50659332,96,661058,193992,375561354,1,1,0,4052.92,80.45,12.12,6676306.50,496.94,6033.00
0102,0304,0506,0708,50659332,96,661058,193993,495559846,1,1,0,3991.21,81.05,12.12,4728901.00,505.36,6034.00
0102,0304,0506,0708,50659332,96,661058,193994,615558106,1,1,0,4228.76,81.65,12.12,25894872.00,521.30,6035.00
0102,0304,0506,0708,50659332,96,661058,193995,735557086,1,1,0,4737.39,82.26,12.12,60263736.00,429.24,6036.00
0102,0304,0506,0708,50659332,96,661058,193996,855556608,1,1,0,4564.52,82.86,12.00,86311968.00,372.21,6037.00
0102,0304,0506,0708,50659332,96,661058,193997,975554392,1,1,0,4448.49,83.46,12.00,100457640.00,315.60,6038.00
0102,0304,0506,0708,50659332,96,661058,193998,1095551770,1,1,0,4628.71,84.06,12.12,80828344.00,291.90,6039.00
0102,0304,0506,0708,50659332,96,661058,193999,1215542200,1,1,0,4368.57,84.66,12.12,42126788.00,267.56,6040.00
0102,0304,0506,0708,50659332,96,661058,194000,1335540352,1,1,0,4476.00,85.26,12.12,14037098.00,237.99,6041.00
0102,0304,0506,0708,50659332,96,661058,194001,1455538504,1,1,0,4908.08,85.71,12.12,6023637.00,264.57,6042.00
0102,0304,0506,0708,50659332,96,661058,194002,1575539356,1,1,0,4488.90,85.71,12.24,52844496.00,249.71,6043.00
0102,0304,0506,0708,50659332,96,661058,194003,1695540424,1,1,0,4958.52,85.71,12.24,112983112.00,433.52,6044.00
0102,0304,0506,0708,50659332,96,661058,194004,1815541750,1,1,0,6072.15,85.71,12.24,58537864.00,496.40,6045.00
0102,0304,0506,0708,50659332,96,661058,194005,1935543700,1,1,0,5079.75,85.71,12.24,28748016.00,552.06,6046.00
0102,0304,0506,0708,50659332,96,661058,194006,2055542788,1,1,0,4049.47,85.71,12.24,114191488.00,592.68,6047.00
0102,0304,0506,0708,50659332,96,661058,194007,2175544648,1,1,0,4551.93,85.71,12.24,120966032.00,824.57,6048.00
0102,0304,0506,0708,50659332,96,661058,194008,2295552220,1,1,0,6093.07,85.71,12.37,139833568.00,1013.15,6049.00
0102,0304,0506,0708,50659332,96,661058,194009,2415554026,1,1,0,4354.19,85.71,12.37,241267712.00,963.12,6050.00
0102,0304,0506,0708,50659332,96,661058,194010,2535551848,1,1,0,5733.16,85.71,12.24,406788288.00,810.90,6051.00
0102,0304,0506,0708,50659332,96,661058,194011,2655558052,1,1,0,5245.85,85.71,12.24,504165728.00,675.92,6052.00
0102,0304,0506,0708,50659332,96,661058,194012,2775557998,1,1,0,5757.81,85.71,12.24,476497216.00,585.81,6053.00
0102,0304,0506,0708,50659332,96,661058,194013,2895557872,1,1,0,5756.95,85.71,8.22,259039152.00,481.38,6054.00
0102,0304,0506,0708,50659332,96,661058,194014,3015559648,1,1,0,6913.39,85.71,8.16,94329440.00,450.42,6055.00
0102,0304,0506,0708,50659332,96,661058,194015,3135560542,1,1,0,4399.58,85.71,8.16,71215432.00,407.38,6056.00
0102,0304,0506,0708,50659332,96,661058,194016,3255562252,1,1,0,4149.58,85.71,8.16,237350960.00,397.60,6057.00
0102,0304,0506,0708,50659332,96,661058,194017,3375558622,1,1,0,5092.46,85.71,6.25,1349079296.00,1330.61,6058.00
0102,0304,0506,0708,50659332,96,661058,194018,3495557950,1,1,0,4845.17,85.71,6.22,2859471104.00,1387.55,6059.00
0102,0304,0506,0708,50659332,96,661058,194019,3615557350,1,1,0,5418.52,85.71,6.86,3088362240.00,1977.14,6060.00
0102,0304,0506,0708,50659332,96,661058,194020,3735557506,1,1,0,5803.89,85.71,6.12,1729715584.00,1626.03,6061.00
0102,0304,0506,0708,50659332,96,661058,194021,3855557086,1,1,0,4311.61,85.71,6.12,592819712.00,1544.07,6062.00
0102,0304,0506,0708,50659332,96,661058,194022,3975557176,1,1,0,4422.46,85.71,6.82,612132608.00,1289.34,6063.00
0102,0304,0506,0708,50659332,96,661058,194023,4095557800,1,1,0,5942.65,85.71,6.82,735444416.00,1066.66,6064.00
0102,0304,0506,0708,50659332,96,661058,194024,4215558814,1,1,0,4208.37,85.71,6.82,285700960.00,1224.82,6065.00
0102,0304,0506,0708,50659332,96,661058,194025,40593690,1,1,0,6408.35,85.71,6.86,239374848.00,1287.15,6066.00
0102,0304,0506,0708,50659332,96,661058,194026,160592388,1,1,0,7822.43,85.71,6.86,202688800.00,1376.68,6067.00
0102,0304,0506,0708,50659332,96,661058,194027,280592316,1,1,0,8819.48,85.71,6.86,108450944.00,1201.11,6068.00
0102,0304,0506,0708,50659332,96,661058,194028,400594764,1,1,0,4025.27,85.71,6.86,501078816.00,1104.18,6069.00
0102,0304,0506,0708,50659332,96,661058,194029,520595472,1,1,0,5080.71,85.71,6.86,1530416768.00,1429.42,6070.00
0102,0304,0506,0708,50659332,96,661058,194030,640596102,1,1,0,10576.38,85.71,6.90,3174888192.00,1252.92,6071.00
0102,0304,0506,0708,50659332,96,661058,194031,760598288,1,1,0,10024.26,85.71,6.03,3799799808.00,1063.45,6072.00
0102,0304,0506,0708,50659332,96,661058,194032,880598136,1,1,0,9283.09,85.71,6.03,2647122176.00,876.56,6073.00
0102,0304,0506,0708,50659332,96,661058,194033,1000598370,1,1,0,9023.80,85.71,6.86,1459801088.00,740.83,6074.00
0102,0304,0506,0708,50659332,96,661058,194034,1120596906,1,1,0,10410.46,85.71,6.86,997535232.00,748.90,6075.00
0102,0304,0506,0708,50659332,96,661058,194035,1240595406,1,1,0,6962.01,85.71,6.86,814353728.00,652.23,6076.00
0102,0304,0506,0708,50659332,96,661058,194036,1360596138,1,1,0,6517.16,85.71,6.86,695063872.00,574.99,6077.00
0102,0304,0506,0708,50659332,96,661058,194037,1480592214,1,1,0,10583.41,85.71,36.36,436671392.00,502.71,6078.00
0102,0304,0506,0708,50659332,96,661058,194038,1600592502,1,1,0,4998.01,85.71,36.36,268627712.00,432.69,6079.00
0102,0304,0506,0708,50659332,96,661058,194039,1720591734,1,1,0,7618.62,85.71,36.36,221325888.00,451.90,6080.00
0102,0304,0506,0708,50659332,96,661058,194040,1840592402,1,1,0,7267.96,85.71,36.36,325659744.00,426.29,6081.00
0102,0304,0506,0708,50659332,96,661058,194041,1960592850,1,1,0,5646.63,85.71,36.36,446345024.00,440.76,6082.00
0102,0304,0506,0708,50659332,96,661058,194042,2080591920,1,1,0,3820.07,85.71,36.36,656695424.00,431.52,6083.00
0102,0304,0506,0708,50659332,96,661058,194043,2200595964,1,1,0,3826.01,85.71,36.36,580097920.00,397.49,6084.00
0102,0304,0506,0708,50659332,96,661058,194044,2320592280,1,1,0,3539.02,85.71,36.36,292746944.00,356.11,6085.00
0102,0304,0506,0708,50659332,96,661058,194045,2440592250,1,1,0,3744.16,85.71,36.36,96176640.00,291.55,6086.00
0102,0304,0506,0708,50659332,96,661058,194046,2560592232,1,1,0,3848.23,85.71,36.36,36987244.00,252.11,6087.00
0102,0304,0506,0708,50659332,96,661058,194047,2680589292,1,1,0,4224.83,85.71,36.36,62211720.00,221.89,6088.00
0102,0304,0506,0708,50659332,96,661058,194048,2800589412,1,1,0,3941.64,85.71,36.36,120586576.00,182.11,6089.00
0102,0304,0506,0708,50659332,96,661058,194049,2920588632,1,1,0,4120.25,85.71,36.36,174321936.00,155.80,6090.00
0102,0304,0506,0708,50659332,96,661058,194050,3040592028,1,1,0,5966.84,85.71,36.36,210886464.00,128.27,6091.00
0102,0304,0506,0708,50659332,96,661058,194051,3160594632,1,1,0,4913.70,85.71,36.36,624013888.00,104.54,6092.00
0102,0304,0506,0708,50659332,96,661058,194052,3280595598,1,1,0,4139.73,85.71,36.36,559784832.00,86.58,6093.00
0102,0304,0506,0708,50659332,96,661058,194053,3400594854,1,1,0,4426.08,85.71,36.36,471575232.00,74.43,6094.00
0102,0304,0506,0708,50659332,96,661058,194054,3520593360,1,1,0,4221.30,85.71,36.36,421959104.00,64.81,6095.00
0102,0304,0506,0708,50659332,96,661058,194055,3640593666,1,1,0,4394.74,85.71,36.36,389075488.00,53.41,6096.00
0102,0304,0506,0708,50659332,96,661058,194056,3760593390,1,1,0,5078.62,85.71,36.36,339812736.00,47.00,6097.00
0102,0304,0506,0708,50659332,96,661058,194057,3880592406,1,1,0,4290.82,85.71,36.36,309992544.00,40.57,6098.00
0102,0304,0506,0708,50659332,96,661058,194058,4000592052,1,1,0,5851.01,85.71,36.36,285344448.00,33.55,6099.00
0102,0304,0506,0708,50659332,96,661058,194059,4120591590,1,1,0,4066.98,85.71,36.36,267763712.00,29.27,6100.00
0102,0304,0506,0708,50659332,96,661058,194060,4240589310,1,1,0,4387.42,85.71,36.36,233859392.00,25.68,6101.00
0102,0304,0506,0708,50659332,96,661058,194061,65621492,1,1,0,3860.47,85.71,36.36,182206800.00,20.95,6102.00
0102,0304,0506,0708,50659332,96,661058,194062,185621960,1,1,0,4089.15,85.71,36.36,128755408.00,17.17,6103.00
0102,0304,0506,0708,50659332,96,661058,194063,305620952,1,1,0,4000.23,85.71,36.36,84145920.00,14.46,6104.00
0102,0304,0506,0708,50659332,96,661058,194064,425620154,1,1,0,5428.45,85.71,36.36,47452808.00,12.90,6105.00
0102,0304,0506,0708,50659332,96,661058,194065,545620064,1,1,0,4425.57,85.71,36.36,25382804.00,10.82,6106.00
0102,0304,0506,0708,50659332,96,661058,194066,665615870,1,1,0,4211.93,85.71,36.36,11645393.00,9.45,6107.00
0102,0304,0506,0708,50659332,96,661058,194067,785614754,1,1,0,6454.21,85.71,36.36,5832609.50,8.39,6108.00
0102,0304,0506,0708,50659332,96,661058,194068,905614304,1,1,0,5661.24,85.71,36.36,3457738.25,7.22,6109.00
0102,0304,0506,0708,50659332,96,661058,194069,1025614292,1,1,0,6789.11,85.71,36.36,1938511.25,6.06,6110.00
0102,0304,0506,0708,50659332,96,661058,194070,1145614328,1,1,0,4043.89,85.71,36.36,675521.75,5.37,6111.00
0102,0304,0506,0708,50659332,96,661058,194071,1265615698,0,1,0,3939.21,0.00,36.36,788694.94,4.72,6112.00
0102,0304,0506,0708,50659332,96,661058,194072,1385614892,1,1,0,4122.08,85.71,36.36,1901217.38,5.03,6113.00
0102,0304,0506,0708,50659332,96,661058,194073,1505614274,0,1,0,4165.97,0.00,36.36,4761878.00,4.33,6114.00
0102,0304,0506,0708,50659332,96,661058,194074,1625612840,0,1,0,5228.30,0.00,36.36,8338994.00,3.59,6115.00
0102,0304,0506,0708,50659332,96,661058,194075,1745614238,0,1,0,4498.34,0.00,36.36,9998912.00,3.95,6116.00
0102,0304,0506,0708,50659332,96,661058,194076,1865615678,1,1,0,6707.19,83.10,36.36,11226852.00,5.21,6117.00
0102,0304,0506,0708,50659332,96,661058,194077,1985616424,0,1,0,7502.54,0.00,36.36,10392182.00,4.53,6118.00
0102,0304,0506,0708,50659332,96,661058,194078,2105615974,0,1,0,4144.92,0.00,36.36,9372589.00,4.04,6119.00
0102,0304,0506,0708,50659332,96,661058,194079,2225617886,0,1,0,4247.39,0.00,36.36,9303513.00,3.78,6120.00
0102,0304,0506,0708,50659332,96,661058,194080,2345619118,0,1,0,8453.31,0.00,36.36,9623942.00,3.58,6121.00
0102,0304,0506,0708,50659332,96,661058,194081,2465618456,0,1,0,6904.27,0.00,36.36,9316685.00,3.44,6122.00
0102,0304,0506,0708,50659332,96,661058,194082,2585620412,0,1,0,4530.72,0.00,36.36,6174039.50,3.14,6123.00
0102,0304,0506,0708,50659332,96,661058,194083,2705615812,0,1,0,5925.50,0.00,36.36,716500.50,3.87,6124.00
0102,0304,0506,0708,50659332,96,661058,194084,2825615876,1,1,0,4707.16,75.48,36.36,1013188.94,5.52,6125.00
0102,0304,0506,0708,50659332,96,661058,194085,2945618924,0,1,0,4596.63,0.00,36.36,904809.62,4.96,6126.00
0102,0304,0506,0708,50659332,96,661058,194086,3065622302,1,1,0,6201.71,73.57,36.36,823223.50,5.89,6127.00
0102,0304,0506,0708,50659332,96,661058,194087,3185623100,1,1,0,5117.75,72.62,36.36,1736412.50,21.15,6128.00
0102,0304,0506,0708,50659332,96,661058,194088,3305624420,1,1,0,6790.56,71.67,36.36,1341369.75,35.20,6129.00
0102,0304,0506,0708,50659332,96,661058,194089,3425624662,1,1,0,6111.16,70.71,36.36,679403.31,32.39,6130.00
0102,0304,0506,0708,50659332,96,661058,194090,3545624884,1,1,0,8800.73,69.76,36.36,291868.09,28.11,6131.00
0102,0304,0506,0708,50659332,96,661058,194091,3665625316,1,1,0,4335.62,68.81,36.36,95860.78,23.69,6132.00
0102,0304,0506,0708,50659332,96,661058,194092,3785626120,1,1,0,3843.52,67.86,36.36,28970.85,19.49,6133.00
0102,0304,0506,0708,50659332,96,661058,194093,3905626850,1,1,0,4337.05,66.90,36.36,24491.04,16.85,6134.00
0102,0304,0506,0708,50659332,96,661058,194094,4025630632,1,1,0,10265.09,65.95,36.36,49764.49,14.10,6135.00
0102,0304,0506,0708,50659332,96,661058,194095,4145632336,1,1,0,8614.58,65.00,0.00,144765.83,12.56,6136.00
0102,0304,0506,0708,50659332,96,661058,194096,4265631728,1,1,0,4951.07,64.05,0.00,248729.17,17.68,6137.00
0102,0304,0506,0708,50659332,96,661058,194097,90663384,1,1,0,9333.95,63.10,0.00,405832.78,18.31,6138.00
0102,0304,0506,0708,50659332,96,661058,194098,210665262,1,1,0,7427.10,62.14,0.00,210391.27,17.01,6139.00
